im/build/outputs/logs/manifest-merger-release-report.txt
-- Merging decision tree log ---
manifest
ADDED from src/main/AndroidManifest.xml:2:1-451:12
INJECTED from src/main/AndroidManifest.xml:2:1-451:12
INJECTED from src/main/AndroidManifest.xml:2:1-451:12
INJECTED from src/main/AndroidManifest.xml:2:1-451:12
MERGED from [com.jude:rollviewpager:1.4.6] AndroidManifest.xml:2:1-11:12
MERGED from [:tobsdk-release:] AndroidManifest.xml:2:1-28:12
MERGED from [:chatcore] AndroidManifest.xml:2:1-63:12
MERGED from [com.android.support.constraint:constraint-layout:1.1.2] AndroidManifest.xml:2:1-11:12
MERGED from [com.android.support:multidex:1.0.3] AndroidManifest.xml:17:1-22:12
MERGED from [com.android.support:appcompat-v7:22.2.1] AndroidManifest.xml:17:1-24:12
MERGED from [com.android.support:support-v4:23.4.0] AndroidManifest.xml:17:1-24:12
MERGED from [com.android.support:cardview-v7:22.2.1] AndroidManifest.xml:17:1-24:12
MERGED from [com.contrarywind:Android-PickerView:3.2.5] AndroidManifest.xml:2:1-11:12
INJECTED from src/main/AndroidManifest.xml:2:1-451:12
INJECTED from src/main/AndroidManifest.xml:2:1-451:12
INJECTED from src/main/AndroidManifest.xml:2:1-451:12
	package
		ADDED from src/main/AndroidManifest.xml:3:5-26
		INJECTED from src/main/AndroidManifest.xml
		INJECTED from src/main/AndroidManifest.xml
	android:versionName
		ADDED from src/main/AndroidManifest.xml:6:5-32
		INJECTED from src/main/AndroidManifest.xml
		INJECTED from src/main/AndroidManifest.xml
	xmlns:android
		ADDED from src/main/AndroidManifest.xml:2:11-69
	android:versionCode
		ADDED from src/main/AndroidManifest.xml:5:5-28
		INJECTED from src/main/AndroidManifest.xml
		INJECTED from src/main/AndroidManifest.xml
	android:anyDensity
		ADDED from src/main/AndroidManifest.xml:4:5-30
uses-sdk
ADDED from src/main/AndroidManifest.xml:8:5-10:41
INJECTED from src/main/AndroidManifest.xml:8:5-10:41
INJECTED from src/main/AndroidManifest.xml:8:5-10:41
MERGED from [com.jude:rollviewpager:1.4.6] AndroidManifest.xml:7:5-9:41
MERGED from [com.jude:rollviewpager:1.4.6] AndroidManifest.xml:7:5-9:41
MERGED from [:tobsdk-release:] AndroidManifest.xml:7:5-9:41
MERGED from [:tobsdk-release:] AndroidManifest.xml:7:5-9:41
MERGED from [:chatcore] AndroidManifest.xml:7:5-9:41
MERGED from [:chatcore] AndroidManifest.xml:7:5-9:41
MERGED from [com.android.support.constraint:constraint-layout:1.1.2] AndroidManifest.xml:5:5-7:41
MERGED from [com.android.support.constraint:constraint-layout:1.1.2] AndroidManifest.xml:5:5-7:41
MERGED from [com.android.support:multidex:1.0.3] AndroidManifest.xml:20:5-43
MERGED from [com.android.support:multidex:1.0.3] AndroidManifest.xml:20:5-43
MERGED from [com.android.support:appcompat-v7:22.2.1] AndroidManifest.xml:20:5-43
MERGED from [com.android.support:appcompat-v7:22.2.1] AndroidManifest.xml:20:5-43
MERGED from [com.android.support:support-v4:23.4.0] AndroidManifest.xml:20:5-43
MERGED from [com.android.support:support-v4:23.4.0] AndroidManifest.xml:20:5-43
MERGED from [com.android.support:cardview-v7:22.2.1] AndroidManifest.xml:20:5-43
MERGED from [com.android.support:cardview-v7:22.2.1] AndroidManifest.xml:20:5-43
MERGED from [com.contrarywind:Android-PickerView:3.2.5] AndroidManifest.xml:7:5-9:41
MERGED from [com.contrarywind:Android-PickerView:3.2.5] AndroidManifest.xml:7:5-9:41
INJECTED from src/main/AndroidManifest.xml:8:5-10:41
INJECTED from src/main/AndroidManifest.xml:8:5-10:41
	android:targetSdkVersion
		ADDED from src/main/AndroidManifest.xml:10:9-38
		INJECTED from src/main/AndroidManifest.xml
		INJECTED from src/main/AndroidManifest.xml
	android:minSdkVersion
		ADDED from src/main/AndroidManifest.xml:9:9-35
		INJECTED from src/main/AndroidManifest.xml
		INJECTED from src/main/AndroidManifest.xml
uses-permission#android.permission.BLUETOOTH
ADDED from src/main/AndroidManifest.xml:12:5-68
MERGED from [:tobsdk-release:] AndroidManifest.xml:11:5-68
MERGED from [:tobsdk-release:] AndroidManifest.xml:11:5-68
MERGED from [:chatcore] AndroidManifest.xml:11:5-68
MERGED from [:chatcore] AndroidManifest.xml:11:5-68
	android:name
		ADDED from src/main/AndroidManifest.xml:12:22-65
uses-permission#android.permission.BLUETOOTH_ADMIN
ADDED from src/main/AndroidManifest.xml:13:5-74
MERGED from [:tobsdk-release:] AndroidManifest.xml:12:5-74
MERGED from [:tobsdk-release:] AndroidManifest.xml:12:5-74
MERGED from [:chatcore] AndroidManifest.xml:12:5-74
MERGED from [:chatcore] AndroidManifest.xml:12:5-74
	android:name
		ADDED from src/main/AndroidManifest.xml:13:22-71
uses-feature#android.hardware.bluetooth_le
ADDED from src/main/AndroidManifest.xml:15:5-17:36
	android:required
		ADDED from src/main/AndroidManifest.xml:17:9-33
	android:name
		ADDED from src/main/AndroidManifest.xml:16:9-53
uses-permission#android.permission.CALL_PHONE
ADDED from src/main/AndroidManifest.xml:19:5-69
MERGED from [:chatcore] AndroidManifest.xml:13:5-69
MERGED from [:chatcore] AndroidManifest.xml:13:5-69
	android:name
		ADDED from src/main/AndroidManifest.xml:19:22-66
uses-permission#android.permission.BAIDU_LOCATION_SERVICE
ADDED from src/main/AndroidManifest.xml:20:5-81
	android:name
		ADDED from src/main/AndroidManifest.xml:20:22-78
uses-permission#android.permission.READ_CONTACTS
ADDED from src/main/AndroidManifest.xml:21:5-72
	android:name
		ADDED from src/main/AndroidManifest.xml:21:22-69
uses-permission#android.permission.WRITE_CONTACTS
ADDED from src/main/AndroidManifest.xml:22:5-73
	android:name
		ADDED from src/main/AndroidManifest.xml:22:22-70
uses-permission#android.permission.AUTHENTICATE_ACCOUNTS
ADDED from src/main/AndroidManifest.xml:23:5-80
	android:name
		ADDED from src/main/AndroidManifest.xml:23:22-77
uses-permission#android.permission.MANAGE_ACCOUNTS
ADDED from src/main/AndroidManifest.xml:24:5-74
	android:name
		ADDED from src/main/AndroidManifest.xml:24:22-71
uses-permission#android.permission.GET_ACCOUNTS
ADDED from src/main/AndroidManifest.xml:25:5-71
	android:name
		ADDED from src/main/AndroidManifest.xml:25:22-68
uses-permission#android.permission.READ_SYNC_SETTINGS
ADDED from src/main/AndroidManifest.xml:26:5-77
	android:name
		ADDED from src/main/AndroidManifest.xml:26:22-74
uses-permission#android.permission.WRITE_SYNC_SETTINGS
ADDED from src/main/AndroidManifest.xml:27:5-78
	android:name
		ADDED from src/main/AndroidManifest.xml:27:22-75
uses-permission#android.permission.RECEIVE_BOOT_COMPLETED
ADDED from src/main/AndroidManifest.xml:28:5-81
	android:name
		ADDED from src/main/AndroidManifest.xml:28:22-78
uses-permission#android.permission.INTERNET
ADDED from src/main/AndroidManifest.xml:29:5-67
	android:name
		ADDED from src/main/AndroidManifest.xml:29:22-64
uses-permission#android.permission.VIBRATE
ADDED from src/main/AndroidManifest.xml:30:5-66
	android:name
		ADDED from src/main/AndroidManifest.xml:30:22-63
uses-permission#android.permission.WAKE_LOCK
ADDED from src/main/AndroidManifest.xml:31:5-68
	android:name
		ADDED from src/main/AndroidManifest.xml:31:22-65
uses-permission#android.permission.DEVICE_POWER
ADDED from src/main/AndroidManifest.xml:32:5-71
	android:name
		ADDED from src/main/AndroidManifest.xml:32:22-68
uses-permission#android.permission.READ_EXTERNAL_STORAGE
ADDED from src/main/AndroidManifest.xml:33:5-80
	android:name
		ADDED from src/main/AndroidManifest.xml:33:22-77
uses-permission#android.permission.WRITE_EXTERNAL_STORAGE
ADDED from src/main/AndroidManifest.xml:34:5-81
	android:name
		ADDED from src/main/AndroidManifest.xml:34:22-78
uses-permission#android.permission.MOUNT_UNMOUNT_FILESYSTEMS
ADDED from src/main/AndroidManifest.xml:35:5-84
	android:name
		ADDED from src/main/AndroidManifest.xml:35:22-81
uses-permission#android.permission.WRITE_SETTINGS
ADDED from src/main/AndroidManifest.xml:36:5-73
	android:name
		ADDED from src/main/AndroidManifest.xml:36:22-70
uses-permission#android.permission.ACCESS_NETWORK_STATE
ADDED from src/main/AndroidManifest.xml:37:5-79
MERGED from [:tobsdk-release:] AndroidManifest.xml:14:5-79
MERGED from [:tobsdk-release:] AndroidManifest.xml:14:5-79
	android:name
		ADDED from src/main/AndroidManifest.xml:37:22-76
uses-permission#android.permission.ACCESS_WIFI_STATE
ADDED from src/main/AndroidManifest.xml:38:5-76
	android:name
		ADDED from src/main/AndroidManifest.xml:38:22-73
uses-permission#android.permission.ACCESS_GPS
ADDED from src/main/AndroidManifest.xml:40:5-69
	android:name
		ADDED from src/main/AndroidManifest.xml:40:22-66
uses-permission#android.permission.CHANGE_CONFIGURATION
ADDED from src/main/AndroidManifest.xml:41:5-79
	android:name
		ADDED from src/main/AndroidManifest.xml:41:22-76
uses-permission#android.permission.CLEAR_APP_CACHE
ADDED from src/main/AndroidManifest.xml:42:5-74
	android:name
		ADDED from src/main/AndroidManifest.xml:42:22-71
uses-permission#android.permission.RECORD_AUDIO
ADDED from src/main/AndroidManifest.xml:43:5-71
	android:name
		ADDED from src/main/AndroidManifest.xml:43:22-68
uses-permission#android.permission.CAMERA
ADDED from src/main/AndroidManifest.xml:44:5-65
	android:name
		ADDED from src/main/AndroidManifest.xml:44:22-62
uses-feature#android.hardware.camera
ADDED from src/main/AndroidManifest.xml:46:5-60
	android:name
		ADDED from src/main/AndroidManifest.xml:46:19-57
uses-feature#android.hardware.camera.autofocus
ADDED from src/main/AndroidManifest.xml:47:5-70
	android:name
		ADDED from src/main/AndroidManifest.xml:47:19-67
uses-permission#android.permission.MODIFY_AUDIO_SETTINGS
ADDED from src/main/AndroidManifest.xml:50:5-80
	android:name
		ADDED from src/main/AndroidManifest.xml:50:22-77
uses-permission#android.permission.ACCESS_COARSE_LOCATION
ADDED from src/main/AndroidManifest.xml:52:5-81
MERGED from [:tobsdk-release:] AndroidManifest.xml:13:5-81
MERGED from [:tobsdk-release:] AndroidManifest.xml:13:5-81
	android:name
		ADDED from src/main/AndroidManifest.xml:52:22-78
uses-permission#android.permission.ACCESS_FINE_LOCATION
ADDED from src/main/AndroidManifest.xml:54:5-79
MERGED from [:tobsdk-release:] AndroidManifest.xml:15:5-79
MERGED from [:tobsdk-release:] AndroidManifest.xml:15:5-79
	android:name
		ADDED from src/main/AndroidManifest.xml:54:22-76
uses-permission#android.permission.ACCESS_LOCATION_EXTRA_COMMANDS
ADDED from src/main/AndroidManifest.xml:56:5-89
	android:name
		ADDED from src/main/AndroidManifest.xml:56:22-86
uses-permission#android.permission.READ_PHONE_STATE
ADDED from src/main/AndroidManifest.xml:58:5-75
	android:name
		ADDED from src/main/AndroidManifest.xml:58:22-72
uses-permission#android.permission.CHANGE_WIFI_STATE
ADDED from src/main/AndroidManifest.xml:60:5-76
	android:name
		ADDED from src/main/AndroidManifest.xml:60:22-73
uses-permission#android.permission.GET_TASKS
ADDED from src/main/AndroidManifest.xml:62:5-68
	android:name
		ADDED from src/main/AndroidManifest.xml:62:22-65
uses-permission#android.permission.KILL_BACKGROUND_PROCESSES
ADDED from src/main/AndroidManifest.xml:64:5-84
	android:name
		ADDED from src/main/AndroidManifest.xml:64:22-81
uses-permission#android.permission.DISABLE_KEYGUARD
ADDED from src/main/AndroidManifest.xml:66:5-75
	android:name
		ADDED from src/main/AndroidManifest.xml:66:22-72
application
ADDED from src/main/AndroidManifest.xml:68:5-449:19
MERGED from [:tobsdk-release:] AndroidManifest.xml:17:5-26:19
MERGED from [:tobsdk-release:] AndroidManifest.xml:17:5-26:19
MERGED from [:chatcore] AndroidManifest.xml:15:5-61:19
MERGED from [:chatcore] AndroidManifest.xml:15:5-61:19
MERGED from [com.android.support.constraint:constraint-layout:1.1.2] AndroidManifest.xml:9:5-20
MERGED from [com.android.support.constraint:constraint-layout:1.1.2] AndroidManifest.xml:9:5-20
MERGED from [com.android.support:appcompat-v7:22.2.1] AndroidManifest.xml:22:5-20
MERGED from [com.android.support:appcompat-v7:22.2.1] AndroidManifest.xml:22:5-20
MERGED from [com.android.support:support-v4:23.4.0] AndroidManifest.xml:22:5-20
MERGED from [com.android.support:support-v4:23.4.0] AndroidManifest.xml:22:5-20
MERGED from [com.android.support:cardview-v7:22.2.1] AndroidManifest.xml:22:5-20
MERGED from [com.android.support:cardview-v7:22.2.1] AndroidManifest.xml:22:5-20
	android:supportsRtl
		ADDED from [:tobsdk-release:] AndroidManifest.xml:20:9-35
	android:label
		ADDED from src/main/AndroidManifest.xml:72:9-41
	android:persistent
		ADDED from src/main/AndroidManifest.xml:73:9-34
	android:icon
		ADDED from src/main/AndroidManifest.xml:71:9-45
	android:allowBackup
		ADDED from src/main/AndroidManifest.xml:70:9-35
	android:theme
		ADDED from src/main/AndroidManifest.xml:74:9-44
	android:name
		ADDED from src/main/AndroidManifest.xml:69:9-47
meta-data#com.baidu.lbsapi.API_KEY
ADDED from src/main/AndroidManifest.xml:77:9-79:64
	android:value
		ADDED from src/main/AndroidManifest.xml:79:13-61
	android:name
		ADDED from src/main/AndroidManifest.xml:78:13-52
meta-data#BaiduMobAd_STAT_ID
ADDED from src/main/AndroidManifest.xml:80:9-82:42
	android:value
		ADDED from src/main/AndroidManifest.xml:82:13-39
	android:name
		ADDED from src/main/AndroidManifest.xml:81:13-46
service#com.baidu.navi.location.f
ADDED from src/main/AndroidManifest.xml:84:9-86:38
	android:enabled
		ADDED from src/main/AndroidManifest.xml:86:13-35
	android:name
		ADDED from src/main/AndroidManifest.xml:85:13-53
service#com.baidu.location.f
ADDED from src/main/AndroidManifest.xml:87:9-90:41
	android:process
		ADDED from src/main/AndroidManifest.xml:90:13-38
	android:enabled
		ADDED from src/main/AndroidManifest.xml:89:13-35
	android:name
		ADDED from src/main/AndroidManifest.xml:88:13-48
activity#cn.lds.im.view.WelcomeActivity
ADDED from src/main/AndroidManifest.xml:92:9-102:20
	android:screenOrientation
		ADDED from src/main/AndroidManifest.xml:95:13-49
	android:label
		ADDED from src/main/AndroidManifest.xml:94:13-45
	android:theme
		ADDED from src/main/AndroidManifest.xml:96:13-71
	android:name
		ADDED from src/main/AndroidManifest.xml:93:13-58
intent-filter#android.intent.action.MAIN+android.intent.category.LAUNCHER
ADDED from src/main/AndroidManifest.xml:97:13-101:29
action#android.intent.action.MAIN
ADDED from src/main/AndroidManifest.xml:98:17-69
	android:name
		ADDED from src/main/AndroidManifest.xml:98:25-66
category#android.intent.category.LAUNCHER
ADDED from src/main/AndroidManifest.xml:100:17-77
	android:name
		ADDED from src/main/AndroidManifest.xml:100:27-74
activity#com.tencent.tauth.AuthActivity
ADDED from src/main/AndroidManifest.xml:106:9-119:20
	android:screenOrientation
		ADDED from src/main/AndroidManifest.xml:110:13-49
	android:launchMode
		ADDED from src/main/AndroidManifest.xml:108:13-44
	android:noHistory
		ADDED from src/main/AndroidManifest.xml:109:13-37
	android:name
		ADDED from src/main/AndroidManifest.xml:107:13-58
intent-filter#android.intent.action.VIEW+android.intent.category.BROWSABLE+android.intent.category.DEFAULT
ADDED from src/main/AndroidManifest.xml:111:13-118:29
action#android.intent.action.VIEW
ADDED from src/main/AndroidManifest.xml:112:17-69
	android:name
		ADDED from src/main/AndroidManifest.xml:112:25-66
category#android.intent.category.DEFAULT
ADDED from src/main/AndroidManifest.xml:114:17-76
	android:name
		ADDED from src/main/AndroidManifest.xml:114:27-73
category#android.intent.category.BROWSABLE
ADDED from src/main/AndroidManifest.xml:115:17-78
	android:name
		ADDED from src/main/AndroidManifest.xml:115:27-75
data
ADDED from src/main/AndroidManifest.xml:117:17-60
	android:scheme
		ADDED from src/main/AndroidManifest.xml:117:23-57
	android:mimeType
		ADDED from src/main/AndroidManifest.xml:177:21-55
activity#com.tencent.connect.common.AssistActivity
ADDED from src/main/AndroidManifest.xml:120:9-124:75
	android:screenOrientation
		ADDED from src/main/AndroidManifest.xml:123:13-47
	android:configChanges
		ADDED from src/main/AndroidManifest.xml:122:13-63
	android:theme
		ADDED from src/main/AndroidManifest.xml:124:13-72
	android:name
		ADDED from src/main/AndroidManifest.xml:121:13-69
activity#cn.lds.im.view.MainActivity
ADDED from src/main/AndroidManifest.xml:125:9-135:20
	android:screenOrientation
		ADDED from src/main/AndroidManifest.xml:129:13-49
	android:label
		ADDED from src/main/AndroidManifest.xml:127:13-45
	android:launchMode
		ADDED from src/main/AndroidManifest.xml:128:13-44
	android:name
		ADDED from src/main/AndroidManifest.xml:126:13-55
intent-filter#android.intent.category.DEFAULT+tcloud.mainactivity
ADDED from src/main/AndroidManifest.xml:130:13-134:29
action#tcloud.mainactivity
ADDED from src/main/AndroidManifest.xml:131:17-62
	android:name
		ADDED from src/main/AndroidManifest.xml:131:25-59
activity#cn.lds.im.view.QRCodeActivity
ADDED from src/main/AndroidManifest.xml:136:9-139:52
	android:screenOrientation
		ADDED from src/main/AndroidManifest.xml:139:13-49
	android:label
		ADDED from src/main/AndroidManifest.xml:138:13-45
	android:name
		ADDED from src/main/AndroidManifest.xml:137:13-57
activity#cn.lds.im.view.CaptureActivity
ADDED from src/main/AndroidManifest.xml:140:9-143:52
	android:screenOrientation
		ADDED from src/main/AndroidManifest.xml:143:13-49
	android:label
		ADDED from src/main/AndroidManifest.xml:142:13-45
	android:name
		ADDED from src/main/AndroidManifest.xml:141:13-58
activity#cn.lds.im.view.LocatedActivity
ADDED from src/main/AndroidManifest.xml:144:9-147:52
	android:screenOrientation
		ADDED from src/main/AndroidManifest.xml:147:13-49
	android:label
		ADDED from src/main/AndroidManifest.xml:146:13-45
	android:name
		ADDED from src/main/AndroidManifest.xml:145:13-58
receiver#cn.lds.chatcore.receiver.LogoutReceiver
ADDED from src/main/AndroidManifest.xml:153:9-159:20
	android:exported
		ADDED from src/main/AndroidManifest.xml:155:13-37
	android:name
		ADDED from src/main/AndroidManifest.xml:154:13-67
intent-filter#com.leadingsoft.TCR.logout
ADDED from src/main/AndroidManifest.xml:156:13-158:29
action#com.leadingsoft.TCR.logout
ADDED from src/main/AndroidManifest.xml:157:17-69
	android:name
		ADDED from src/main/AndroidManifest.xml:157:25-66
activity#cn.lds.im.view.VideoActivity
ADDED from src/main/AndroidManifest.xml:161:9-163:52
	android:screenOrientation
		ADDED from src/main/AndroidManifest.xml:163:13-49
	android:name
		ADDED from src/main/AndroidManifest.xml:162:13-56
activity#cn.lds.im.view.SwitchImageActivity
ADDED from src/main/AndroidManifest.xml:164:9-166:62
	android:configChanges
		ADDED from src/main/AndroidManifest.xml:166:13-59
	android:name
		ADDED from src/main/AndroidManifest.xml:165:13-62
activity#cn.lds.im.view.WebViewHelpActivity
ADDED from src/main/AndroidManifest.xml:167:9-180:20
	android:configChanges
		ADDED from src/main/AndroidManifest.xml:169:13-59
	android:name
		ADDED from src/main/AndroidManifest.xml:168:13-62
activity#cn.lds.im.common.permission.PermissionController
ADDED from src/main/AndroidManifest.xml:181:9-186:56
	android:screenOrientation
		ADDED from src/main/AndroidManifest.xml:185:13-49
	android:label
		ADDED from src/main/AndroidManifest.xml:184:13-29
	android:configChanges
		ADDED from src/main/AndroidManifest.xml:183:13-59
	android:theme
		ADDED from src/main/AndroidManifest.xml:186:13-53
	android:name
		ADDED from src/main/AndroidManifest.xml:182:13-76
activity#cn.lds.im.view.ConfirmOrderActivity
ADDED from src/main/AndroidManifest.xml:190:9-192:52
	android:screenOrientation
		ADDED from src/main/AndroidManifest.xml:192:13-49
	android:name
		ADDED from src/main/AndroidManifest.xml:191:13-63
activity#cn.lds.im.view.ConfirmOrderApponitActivity
ADDED from src/main/AndroidManifest.xml:193:9-195:52
	android:screenOrientation
		ADDED from src/main/AndroidManifest.xml:195:13-49
	android:name
		ADDED from src/main/AndroidManifest.xml:194:13-70
activity#cn.lds.im.view.SettingActivity
ADDED from src/main/AndroidManifest.xml:196:9-198:52
	android:screenOrientation
		ADDED from src/main/AndroidManifest.xml:198:13-49
	android:name
		ADDED from src/main/AndroidManifest.xml:197:13-58
activity#cn.lds.im.view.LoginActivity
ADDED from src/main/AndroidManifest.xml:199:9-209:20
	android:screenOrientation
		ADDED from src/main/AndroidManifest.xml:201:13-49
	android:name
		ADDED from src/main/AndroidManifest.xml:200:13-56
activity#cn.lds.im.view.TakeCarActivity
ADDED from src/main/AndroidManifest.xml:210:9-212:52
	android:screenOrientation
		ADDED from src/main/AndroidManifest.xml:212:13-49
	android:name
		ADDED from src/main/AndroidManifest.xml:211:13-58
activity#cn.lds.im.view.AboutActivity
ADDED from src/main/AndroidManifest.xml:216:9-218:52
	android:screenOrientation
		ADDED from src/main/AndroidManifest.xml:218:13-49
	android:name
		ADDED from src/main/AndroidManifest.xml:217:13-56
activity#cn.lds.im.view.CustomerserviceActivity
ADDED from src/main/AndroidManifest.xml:222:9-224:52
	android:screenOrientation
		ADDED from src/main/AndroidManifest.xml:224:13-49
	android:name
		ADDED from src/main/AndroidManifest.xml:223:13-66
activity#cn.lds.im.view.IllegalListActivity
ADDED from src/main/AndroidManifest.xml:225:9-227:52
	android:screenOrientation
		ADDED from src/main/AndroidManifest.xml:227:13-49
	android:name
		ADDED from src/main/AndroidManifest.xml:226:13-62
activity#cn.lds.im.view.IllegalDetailActivity
ADDED from src/main/AndroidManifest.xml:228:9-230:52
	android:screenOrientation
		ADDED from src/main/AndroidManifest.xml:230:13-49
	android:name
		ADDED from src/main/AndroidManifest.xml:229:13-64
activity#cn.lds.im.view.RouteDetailActivity
ADDED from src/main/AndroidManifest.xml:231:9-233:52
	android:screenOrientation
		ADDED from src/main/AndroidManifest.xml:233:13-49
	android:name
		ADDED from src/main/AndroidManifest.xml:232:13-62
activity#cn.lds.im.view.CostSheetActivity
ADDED from src/main/AndroidManifest.xml:234:9-236:52
	android:screenOrientation
		ADDED from src/main/AndroidManifest.xml:236:13-49
	android:name
		ADDED from src/main/AndroidManifest.xml:235:13-60
activity#cn.lds.im.view.WalletActivity
ADDED from src/main/AndroidManifest.xml:237:9-239:52
	android:screenOrientation
		ADDED from src/main/AndroidManifest.xml:239:13-49
	android:name
		ADDED from src/main/AndroidManifest.xml:238:13-57
activity#cn.lds.im.view.RechargeActivity
ADDED from src/main/AndroidManifest.xml:240:9-242:52
	android:screenOrientation
		ADDED from src/main/AndroidManifest.xml:242:13-49
	android:name
		ADDED from src/main/AndroidManifest.xml:241:13-59
activity#cn.lds.im.view.CashPledgeActivity
ADDED from src/main/AndroidManifest.xml:243:9-245:52
	android:screenOrientation
		ADDED from src/main/AndroidManifest.xml:245:13-49
	android:name
		ADDED from src/main/AndroidManifest.xml:244:13-61
activity#cn.lds.im.view.ReceiptActivity
ADDED from src/main/AndroidManifest.xml:246:9-248:52
	android:screenOrientation
		ADDED from src/main/AndroidManifest.xml:248:13-49
	android:name
		ADDED from src/main/AndroidManifest.xml:247:13-58
activity#cn.lds.im.view.BuildReceiptActivity
ADDED from src/main/AndroidManifest.xml:249:9-251:52
	android:screenOrientation
		ADDED from src/main/AndroidManifest.xml:251:13-49
	android:name
		ADDED from src/main/AndroidManifest.xml:250:13-63
activity#cn.lds.im.view.EventActivity
ADDED from src/main/AndroidManifest.xml:252:9-254:52
	android:screenOrientation
		ADDED from src/main/AndroidManifest.xml:254:13-49
	android:name
		ADDED from src/main/AndroidManifest.xml:253:13-56
activity#cn.lds.im.view.MessageActivity
ADDED from src/main/AndroidManifest.xml:255:9-258:52
	android:screenOrientation
		ADDED from src/main/AndroidManifest.xml:258:13-49
	android:launchMode
		ADDED from src/main/AndroidManifest.xml:257:13-44
	android:name
		ADDED from src/main/AndroidManifest.xml:256:13-58
activity#cn.lds.im.view.ProfileChangeActivity
ADDED from src/main/AndroidManifest.xml:259:9-261:52
	android:screenOrientation
		ADDED from src/main/AndroidManifest.xml:261:13-49
	android:name
		ADDED from src/main/AndroidManifest.xml:260:13-64
activity#cn.lds.im.view.ProfileActivity
ADDED from src/main/AndroidManifest.xml:262:9-264:52
	android:screenOrientation
		ADDED from src/main/AndroidManifest.xml:264:13-49
	android:name
		ADDED from src/main/AndroidManifest.xml:263:13-58
activity#cn.lds.im.view.IdentifyingActivity
ADDED from src/main/AndroidManifest.xml:265:9-267:52
	android:screenOrientation
		ADDED from src/main/AndroidManifest.xml:267:13-49
	android:name
		ADDED from src/main/AndroidManifest.xml:266:13-62
activity#cn.lds.im.view.RevertCarInfoActivity
ADDED from src/main/AndroidManifest.xml:268:9-270:52
	android:screenOrientation
		ADDED from src/main/AndroidManifest.xml:270:13-49
	android:name
		ADDED from src/main/AndroidManifest.xml:269:13-64
activity#cn.lds.im.view.RouteComentsActivity
ADDED from src/main/AndroidManifest.xml:271:9-273:52
	android:screenOrientation
		ADDED from src/main/AndroidManifest.xml:273:13-49
	android:name
		ADDED from src/main/AndroidManifest.xml:272:13-63
activity#cn.lds.im.view.PayActivity
ADDED from src/main/AndroidManifest.xml:274:9-276:52
	android:screenOrientation
		ADDED from src/main/AndroidManifest.xml:276:13-49
	android:name
		ADDED from src/main/AndroidManifest.xml:275:13-54
activity#com.leadingsoft.TCR.wxapi.WXPayEntryActivity
ADDED from src/main/AndroidManifest.xml:277:9-281:52
	android:screenOrientation
		ADDED from src/main/AndroidManifest.xml:281:13-49
	android:launchMode
		ADDED from src/main/AndroidManifest.xml:280:13-43
	android:exported
		ADDED from src/main/AndroidManifest.xml:279:13-36
	android:name
		ADDED from src/main/AndroidManifest.xml:278:13-72
activity#cn.lds.im.view.ChoiceBookTimeActivity
ADDED from src/main/AndroidManifest.xml:282:9-284:52
	android:screenOrientation
		ADDED from src/main/AndroidManifest.xml:284:13-49
	android:name
		ADDED from src/main/AndroidManifest.xml:283:13-65
activity#cn.lds.im.view.ChoiceBookParkActivity
ADDED from src/main/AndroidManifest.xml:285:9-287:52
	android:screenOrientation
		ADDED from src/main/AndroidManifest.xml:287:13-49
	android:name
		ADDED from src/main/AndroidManifest.xml:286:13-65
activity#cn.lds.im.view.OrganizationActivity
ADDED from src/main/AndroidManifest.xml:288:9-290:52
	android:screenOrientation
		ADDED from src/main/AndroidManifest.xml:290:13-49
	android:name
		ADDED from src/main/AndroidManifest.xml:289:13-63
activity#cn.lds.im.view.CostDetailActivity
ADDED from src/main/AndroidManifest.xml:292:9-294:52
	android:screenOrientation
		ADDED from src/main/AndroidManifest.xml:294:13-49
	android:name
		ADDED from src/main/AndroidManifest.xml:293:13-61
activity#cn.lds.im.view.ReceiptListActivity
ADDED from src/main/AndroidManifest.xml:296:9-298:52
	android:screenOrientation
		ADDED from src/main/AndroidManifest.xml:298:13-49
	android:name
		ADDED from src/main/AndroidManifest.xml:297:13-62
activity#cn.lds.im.view.ReceiptInfoActivity
ADDED from src/main/AndroidManifest.xml:300:9-302:52
	android:screenOrientation
		ADDED from src/main/AndroidManifest.xml:302:13-49
	android:name
		ADDED from src/main/AndroidManifest.xml:301:13-62
activity#cn.lds.im.view.ReceiptSuccessActivity
ADDED from src/main/AndroidManifest.xml:304:9-306:52
	android:screenOrientation
		ADDED from src/main/AndroidManifest.xml:306:13-49
	android:name
		ADDED from src/main/AndroidManifest.xml:305:13-65
activity#cn.lds.im.view.RebackSuccessActivity
ADDED from src/main/AndroidManifest.xml:308:9-310:52
	android:screenOrientation
		ADDED from src/main/AndroidManifest.xml:310:13-49
	android:name
		ADDED from src/main/AndroidManifest.xml:309:13-64
activity#cn.lds.im.view.CouponListActivityNew
ADDED from src/main/AndroidManifest.xml:312:9-314:52
	android:screenOrientation
		ADDED from src/main/AndroidManifest.xml:314:13-49
	android:name
		ADDED from src/main/AndroidManifest.xml:313:13-64
activity#cn.lds.im.view.CouponListActivity
ADDED from src/main/AndroidManifest.xml:316:9-318:52
	android:screenOrientation
		ADDED from src/main/AndroidManifest.xml:318:13-49
	android:name
		ADDED from src/main/AndroidManifest.xml:317:13-61
activity#cn.lds.im.view.FeedbackActivity
ADDED from src/main/AndroidManifest.xml:320:9-322:52
	android:screenOrientation
		ADDED from src/main/AndroidManifest.xml:322:13-49
	android:name
		ADDED from src/main/AndroidManifest.xml:321:13-59
activity#cn.lds.im.view.NavigationActivity
ADDED from src/main/AndroidManifest.xml:324:9-326:52
	android:screenOrientation
		ADDED from src/main/AndroidManifest.xml:326:13-49
	android:name
		ADDED from src/main/AndroidManifest.xml:325:13-61
activity#cn.lds.im.view.OrderDetailActivity
ADDED from src/main/AndroidManifest.xml:328:9-330:52
	android:screenOrientation
		ADDED from src/main/AndroidManifest.xml:330:13-49
	android:name
		ADDED from src/main/AndroidManifest.xml:329:13-62
activity#cn.lds.im.view.TripListActivity
ADDED from src/main/AndroidManifest.xml:332:9-334:52
	android:screenOrientation
		ADDED from src/main/AndroidManifest.xml:334:13-49
	android:name
		ADDED from src/main/AndroidManifest.xml:333:13-59
activity#cn.lds.im.view.TripInfoActivity
ADDED from src/main/AndroidManifest.xml:336:9-338:52
	android:screenOrientation
		ADDED from src/main/AndroidManifest.xml:338:13-49
	android:name
		ADDED from src/main/AndroidManifest.xml:337:13-59
activity#cn.lds.im.view.GetCarLocatedActivity
ADDED from src/main/AndroidManifest.xml:340:9-342:52
	android:screenOrientation
		ADDED from src/main/AndroidManifest.xml:342:13-49
	android:name
		ADDED from src/main/AndroidManifest.xml:341:13-64
activity#cn.lds.im.view.SearchLocationActivity
ADDED from src/main/AndroidManifest.xml:344:9-346:52
	android:screenOrientation
		ADDED from src/main/AndroidManifest.xml:346:13-49
	android:name
		ADDED from src/main/AndroidManifest.xml:345:13-65
activity#cn.lds.im.view.CarInUseActivity
ADDED from src/main/AndroidManifest.xml:348:9-350:52
	android:screenOrientation
		ADDED from src/main/AndroidManifest.xml:350:13-49
	android:name
		ADDED from src/main/AndroidManifest.xml:349:13-59
activity#cn.lds.im.view.OrderCancelledActivity
ADDED from src/main/AndroidManifest.xml:352:9-354:52
	android:screenOrientation
		ADDED from src/main/AndroidManifest.xml:354:13-49
	android:name
		ADDED from src/main/AndroidManifest.xml:353:13-65
activity#cn.lds.im.view.ChargingRuleActivity